<?xml version="1.0" encoding="UTF-8"?>
<testng-results ignored="0" total="1" passed="1" failed="0" skipped="0">
  <reporter-output>
  </reporter-output>
  <suite started-at="2025-06-03T14:03:33 TRT" name="Default suite" finished-at="2025-06-03T14:03:40 TRT" duration-ms="6526">
    <groups>
    </groups>
    <test started-at="2025-06-03T14:03:33 TRT" name="Default test" finished-at="2025-06-03T14:03:40 TRT" duration-ms="6526">
      <class name="reportsdemo.ExtentReports.ExtentReportDemo">
        <test-method is-config="true" signature="Config()[pri:0, instance:reportsdemo.ExtentReports.ExtentReportDemo@3857f613]" started-at="2025-06-03T14:03:33 TRT" name="Config" finished-at="2025-06-03T14:03:33 TRT" duration-ms="109" status="PASS">
          <reporter-output>
          </reporter-output>
        </test-method> <!-- Config -->
        <test-method signature="initialDemo()[pri:0, instance:reportsdemo.ExtentReports.ExtentReportDemo@3857f613]" started-at="2025-06-03T14:03:33 TRT" name="initialDemo" finished-at="2025-06-03T14:03:40 TRT" duration-ms="6182" status="PASS">
          <reporter-output>
          </reporter-output>
        </test-method> <!-- initialDemo -->
        <test-method is-config="true" signature="tearDown()[pri:0, instance:reportsdemo.ExtentReports.ExtentReportDemo@3857f613]" started-at="2025-06-03T14:03:40 TRT" name="tearDown" finished-at="2025-06-03T14:03:40 TRT" duration-ms="209" status="PASS">
          <reporter-output>
          </reporter-output>
        </test-method> <!-- tearDown -->
      </class> <!-- reportsdemo.ExtentReports.ExtentReportDemo -->
    </test> <!-- Default test -->
  </suite> <!-- Default suite -->
</testng-results>
